TN:
SF:src\services\rules-builder.service.ts
FN:20,(anonymous_0)
FN:30,(anonymous_1)
FN:94,(anonymous_2)
FN:113,(anonymous_3)
FN:176,(anonymous_4)
FN:187,(anonymous_5)
FN:216,(anonymous_6)
FN:232,(anonymous_7)
FN:241,(anonymous_8)
FN:248,(anonymous_9)
FN:278,(anonymous_10)
FN:309,(anonymous_11)
FN:313,(anonymous_12)
FN:333,(anonymous_13)
FN:364,(anonymous_14)
FN:401,(anonymous_15)
FN:419,(anonymous_16)
FN:434,(anonymous_17)
FNF:18
FNH:18
FNDA:2,(anonymous_0)
FNDA:2,(anonymous_1)
FNDA:151,(anonymous_2)
FNDA:1210,(anonymous_3)
FNDA:1224,(anonymous_4)
FNDA:1213,(anonymous_5)
FNDA:142,(anonymous_6)
FNDA:1196,(anonymous_7)
FNDA:1191,(anonymous_8)
FNDA:15,(anonymous_9)
FNDA:15,(anonymous_10)
FNDA:14,(anonymous_11)
FNDA:50,(anonymous_12)
FNDA:26,(anonymous_13)
FNDA:10,(anonymous_14)
FNDA:13,(anonymous_15)
FNDA:12,(anonymous_16)
FNDA:3,(anonymous_17)
DA:20,2
DA:21,2
DA:22,2
DA:23,2
DA:24,2
DA:30,2
DA:31,2
DA:32,2
DA:33,2
DA:34,2
DA:35,2
DA:73,1
DA:95,151
DA:115,1210
DA:116,19
DA:121,1191
DA:122,1191
DA:125,1191
DA:128,1191
DA:129,1191
DA:132,1191
DA:135,1191
DA:136,1191
DA:139,1191
DA:140,1191
DA:143,1191
DA:144,142
DA:145,142
DA:149,1191
DA:150,1191
DA:151,1191
DA:152,1191
DA:155,1191
DA:156,1191
DA:157,1191
DA:158,1191
DA:159,1191
DA:160,1191
DA:163,1191
DA:164,1191
DA:165,1191
DA:166,1191
DA:170,1191
DA:177,1224
DA:188,1213
DA:190,168
DA:192,168
DA:196,19
DA:200,121
DA:203,5
DA:207,15
DA:209,8
DA:217,142
DA:219,13
DA:221,117
DA:223,2
DA:225,10
DA:233,1196
DA:234,1196
DA:235,1196
DA:242,1191
DA:249,15
DA:250,15
DA:252,15
DA:253,5
DA:258,15
DA:259,3
DA:264,15
DA:265,3
DA:268,15
DA:279,15
DA:280,15
DA:282,15
DA:283,5
DA:288,15
DA:289,3
DA:294,15
DA:296,5
DA:299,15
DA:310,14
DA:311,14
DA:313,14
DA:314,50
DA:317,14
DA:318,7
DA:323,14
DA:334,26
DA:335,26
DA:337,26
DA:339,22
DA:340,22
DA:342,22
DA:343,2
DA:346,20
DA:348,20
DA:349,4
DA:350,16
DA:351,4
DA:352,12
DA:353,3
DA:354,9
DA:355,3
DA:357,6
DA:367,10
DA:368,10
DA:370,10
DA:371,13
DA:372,13
DA:374,13
DA:379,13
DA:380,1
DA:381,1
DA:384,12
DA:385,4
DA:391,10
DA:402,13
DA:403,13
DA:405,12
DA:406,12
DA:408,12
DA:409,12
DA:410,12
DA:412,12
DA:420,12
DA:421,12
DA:423,12
DA:425,12
DA:426,12
DA:428,12
DA:435,3
LF:130
LH:130
BRDA:20,0,0,1
BRDA:20,0,1,1
BRDA:30,1,0,1
BRDA:30,1,1,1
BRDA:94,2,0,151
BRDA:115,3,0,19
BRDA:115,3,1,1191
BRDA:143,4,0,142
BRDA:143,4,1,1049
BRDA:178,5,0,1224
BRDA:178,5,1,1211
BRDA:178,5,2,1202
BRDA:188,6,0,1045
BRDA:188,6,1,168
BRDA:192,7,0,15
BRDA:192,7,1,17
BRDA:192,7,2,19
BRDA:192,7,3,119
BRDA:192,7,4,120
BRDA:192,7,5,121
BRDA:192,7,6,4
BRDA:192,7,7,5
BRDA:192,7,8,13
BRDA:192,7,9,14
BRDA:192,7,10,15
BRDA:192,7,11,8
BRDA:217,8,0,13
BRDA:217,8,1,117
BRDA:217,8,2,2
BRDA:217,8,3,10
BRDA:252,9,0,5
BRDA:252,9,1,10
BRDA:258,10,0,3
BRDA:258,10,1,12
BRDA:264,11,0,3
BRDA:264,11,1,12
BRDA:282,12,0,5
BRDA:282,12,1,10
BRDA:288,13,0,3
BRDA:288,13,1,12
BRDA:294,14,0,5
BRDA:294,14,1,10
BRDA:317,15,0,7
BRDA:317,15,1,7
BRDA:337,16,0,4
BRDA:337,16,1,22
BRDA:342,17,0,2
BRDA:342,17,1,20
BRDA:342,18,0,22
BRDA:342,18,1,22
BRDA:342,18,2,21
BRDA:342,18,3,21
BRDA:348,19,0,4
BRDA:348,19,1,16
BRDA:348,20,0,20
BRDA:348,20,1,17
BRDA:350,21,0,4
BRDA:350,21,1,12
BRDA:350,22,0,16
BRDA:350,22,1,13
BRDA:352,23,0,3
BRDA:352,23,1,9
BRDA:352,24,0,12
BRDA:352,24,1,9
BRDA:354,25,0,3
BRDA:354,25,1,6
BRDA:354,26,0,9
BRDA:354,26,1,6
BRDA:379,27,0,1
BRDA:379,27,1,12
BRDA:384,28,0,4
BRDA:384,28,1,8
BRDA:403,29,0,1
BRDA:403,29,1,12
BRDA:423,30,0,0
BRDA:423,30,1,12
BRDA:423,31,0,12
BRDA:423,31,1,12
BRDA:428,32,0,7
BRDA:428,32,1,5
BRDA:428,33,0,4
BRDA:428,33,1,1
BRF:82
BRH:81
end_of_record
